Microsoft (R)-Buildmodul, Version 14.0.25123.0
Copyright (C) Microsoft Corporation. Alle Rechte vorbehalten.

Die Projekte in dieser Projektmappe werden nacheinander erstellt. Um eine parallele Erstellung zu ermîglichen, mÅssen Sie den Schalter "/m" hinzufÅgen.
Der Buildvorgang wurde am 02.03.2018 17:59:54 gestartet.
Projekt "G:\Projects\GitHub\OpenFMSL\source.contracts\OpenFMSL.contracts\OpenFMSL.contracts.sln" auf Knoten "1", Build Ziel(e).
ValidateSolutionConfiguration:
  Die Projektmappenkonfiguration "release|Any CPU" wird erstellt.
Das Projekt "G:\Projects\GitHub\OpenFMSL\source.contracts\OpenFMSL.contracts\OpenFMSL.contracts.sln" (1) erstellt "G:\Projects\GitHub\OpenFMSL\source.contracts\OpenFMSL.contracts\OpenFMSL.Contracts\OpenFMSL.Contracts.csproj" (2) auf Knoten "1" (Standardziele).
Das Projekt "G:\Projects\GitHub\OpenFMSL\source.contracts\OpenFMSL.contracts\OpenFMSL.Contracts\OpenFMSL.Contracts.csproj" (2) erstellt "G:\Projects\GitHub\OpenFMSL\source.contracts\OpenFMSL.contracts\OpenFMSL.Core\OpenFMSL.Core.csproj" (3) auf Knoten "1" (Standardziele).
GenerateTargetFrameworkMonikerAttribute:
Das Ziel "GenerateTargetFrameworkMonikerAttribute" wird Åbersprungen, da alle Ausgabedateien hinsichtlich der Eingabedateien aktuell sind.
CoreCompile:
Das Ziel "CoreCompile" wird Åbersprungen, da alle Ausgabedateien hinsichtlich der Eingabedateien aktuell sind.
CopyFilesToOutputDirectory:
  OpenFMSL.Core -> G:\Projects\GitHub\OpenFMSL\bin.contracts\OpenFMSL.Core.dll
Die Erstellung von Projekt "G:\Projects\GitHub\OpenFMSL\source.contracts\OpenFMSL.contracts\OpenFMSL.Core\OpenFMSL.Core.csproj" ist abgeschlossen (Standardziele).
GenerateTargetFrameworkMonikerAttribute:
Das Ziel "GenerateTargetFrameworkMonikerAttribute" wird Åbersprungen, da alle Ausgabedateien hinsichtlich der Eingabedateien aktuell sind.
CoreCompile:
Das Ziel "CoreCompile" wird Åbersprungen, da alle Ausgabedateien hinsichtlich der Eingabedateien aktuell sind.
CopyFilesToOutputDirectory:
  OpenFMSL.Contracts -> G:\Projects\GitHub\OpenFMSL\bin.contracts\OpenFMSL.Contracts.dll
Die Erstellung von Projekt "G:\Projects\GitHub\OpenFMSL\source.contracts\OpenFMSL.contracts\OpenFMSL.Contracts\OpenFMSL.Contracts.csproj" ist abgeschlossen (Standardziele).
Das Projekt "G:\Projects\GitHub\OpenFMSL\source.contracts\OpenFMSL.contracts\OpenFMSL.contracts.sln" (1) erstellt "G:\Projects\GitHub\OpenFMSL\source.contracts\OpenFMSL.contracts\OpenFMSL.Core.Tests\OpenFMSL.Core.Tests.csproj" (4) auf Knoten "1" (Standardziele).
GenerateTargetFrameworkMonikerAttribute:
Das Ziel "GenerateTargetFrameworkMonikerAttribute" wird Åbersprungen, da alle Ausgabedateien hinsichtlich der Eingabedateien aktuell sind.
CoreCompile:
Das Ziel "CoreCompile" wird Åbersprungen, da alle Ausgabedateien hinsichtlich der Eingabedateien aktuell sind.
CopyFilesToOutputDirectory:
  OpenFMSL.Core.Tests -> G:\Projects\GitHub\OpenFMSL\source.contracts\OpenFMSL.contracts\OpenFMSL.Core.Tests\bin\Release\OpenFMSL.Core.Tests.dll
Die Erstellung von Projekt "G:\Projects\GitHub\OpenFMSL\source.contracts\OpenFMSL.contracts\OpenFMSL.Core.Tests\OpenFMSL.Core.Tests.csproj" ist abgeschlossen (Standardziele).
Das Projekt "G:\Projects\GitHub\OpenFMSL\source.contracts\OpenFMSL.contracts\OpenFMSL.contracts.sln" (1) erstellt "G:\Projects\GitHub\OpenFMSL\source.contracts\OpenFMSL.contracts\OpenFMSL.Core.SandboxConsole\OpenFMSL.Core.SandboxConsole.csproj" (5) auf Knoten "1" (Standardziele).
GenerateBindingRedirects:
  Keine vorgeschlagenen BindingRedirect-EintrÑge von ResolveAssemblyReferences.
GenerateTargetFrameworkMonikerAttribute:
Das Ziel "GenerateTargetFrameworkMonikerAttribute" wird Åbersprungen, da alle Ausgabedateien hinsichtlich der Eingabedateien aktuell sind.
CoreCompile:
Das Ziel "CoreCompile" wird Åbersprungen, da alle Ausgabedateien hinsichtlich der Eingabedateien aktuell sind.
_CopyAppConfigFile:
Das Ziel "_CopyAppConfigFile" wird Åbersprungen, da alle Ausgabedateien hinsichtlich der Eingabedateien aktuell sind.
CopyFilesToOutputDirectory:
  OpenFMSL.Core.SandboxConsole -> G:\Projects\GitHub\OpenFMSL\source.contracts\OpenFMSL.contracts\OpenFMSL.Core.SandboxConsole\bin\Release\OpenFMSL.Core.SandboxConsole.exe
Die Erstellung von Projekt "G:\Projects\GitHub\OpenFMSL\source.contracts\OpenFMSL.contracts\OpenFMSL.Core.SandboxConsole\OpenFMSL.Core.SandboxConsole.csproj" ist abgeschlossen (Standardziele).
Die Erstellung von Projekt "G:\Projects\GitHub\OpenFMSL\source.contracts\OpenFMSL.contracts\OpenFMSL.contracts.sln" ist abgeschlossen (Build Ziel(e)).

Der Buildvorgang wurde erfolgreich ausgefÅhrt.
    0 Warnung(en)
    0 Fehler

Verstrichene Zeit 00:00:00.20
Die Projekte in dieser Projektmappe werden nacheinander erstellt. Um eine parallele Erstellung zu ermîglichen, mÅssen Sie den Schalter "/m" hinzufÅgen.
Der Buildvorgang wurde am 02.03.2018 17:59:55 gestartet.
Projekt "G:\Projects\GitHub\OpenFMSL\source\ChartEditor\ChartEditor.sln" auf Knoten "1", Build Ziel(e).
ValidateSolutionConfiguration:
  Die Projektmappenkonfiguration "release|Any CPU" wird erstellt.
Das Projekt "G:\Projects\GitHub\OpenFMSL\source\ChartEditor\ChartEditor.sln" (1) erstellt "G:\Projects\GitHub\OpenFMSL\source\ChartEditor\ChartEditor\ChartEditor.csproj" (2) auf Knoten "1" (Standardziele).
PrepareForBuild:
  Das Verzeichnis "..\..\..\deploy\exe\" wird erstellt.
MainResourcesGeneration:
Das Ziel "MainResourcesGeneration" wird Åbersprungen, da alle Ausgabedateien hinsichtlich der Eingabedateien aktuell sind.
CoreResGen:
  Es sind keine Ressourcen vorhanden, die im Hinblick auf die Quelldateien veraltet sind. Die Ressourcengenerierung wird Åbersprungen.
GenerateTargetFrameworkMonikerAttribute:
Das Ziel "GenerateTargetFrameworkMonikerAttribute" wird Åbersprungen, da alle Ausgabedateien hinsichtlich der Eingabedateien aktuell sind.
CoreCompile:
Das Ziel "CoreCompile" wird Åbersprungen, da alle Ausgabedateien hinsichtlich der Eingabedateien aktuell sind.
_CopyFilesMarkedCopyLocal:
  Die Datei wird von "G:\Projects\GitHub\OpenFMSL\lib\Caliburn.Micro.Core.3.0.1\lib\net45\Caliburn.Micro.dll" in "..\..\..\deploy\exe\Caliburn.Micro.dll" kopiert.
  Die Datei wird von "G:\Projects\GitHub\OpenFMSL\lib\Caliburn.Micro.3.0.1\lib\net45\Caliburn.Micro.Platform.Core.dll" in "..\..\..\deploy\exe\Caliburn.Micro.Platform.Core.dll" kopiert.
  Die Datei wird von "G:\Projects\GitHub\OpenFMSL\bin.contracts\OpenFMSL.Contracts.dll" in "..\..\..\deploy\exe\OpenFMSL.Contracts.dll" kopiert.
  Die Datei wird von "G:\Projects\GitHub\OpenFMSL\bin.contracts\OpenFMSL.Core.dll" in "..\..\..\deploy\exe\OpenFMSL.Core.dll" kopiert.
  Die Datei wird von "G:\Projects\GitHub\OpenFMSL\source\ChartEditor\packages\OxyPlot.Core.1.0.0\lib\net45\OxyPlot.dll" in "..\..\..\deploy\exe\OxyPlot.dll" kopiert.
  Die Datei wird von "G:\Projects\GitHub\OpenFMSL\source\ChartEditor\packages\OxyPlot.Wpf.1.0.0\lib\net45\OxyPlot.Wpf.dll" in "..\..\..\deploy\exe\OxyPlot.Wpf.dll" kopiert.
  Die Datei wird von "G:\Projects\GitHub\OpenFMSL\bin.contracts\CSparse.dll" in "..\..\..\deploy\exe\CSparse.dll" kopiert.
  Die Datei wird von "G:\Projects\GitHub\OpenFMSL\bin.contracts\Cureos.Numerics.dll" in "..\..\..\deploy\exe\Cureos.Numerics.dll" kopiert.
  Die Datei wird von "G:\Projects\GitHub\OpenFMSL\lib\Caliburn.Micro.Core.3.0.1\lib\net45\Caliburn.Micro.xml" in "..\..\..\deploy\exe\Caliburn.Micro.xml" kopiert.
  Die Datei wird von "G:\Projects\GitHub\OpenFMSL\lib\Caliburn.Micro.3.0.1\lib\net45\Caliburn.Micro.Platform.Core.xml" in "..\..\..\deploy\exe\Caliburn.Micro.Platform.Core.xml" kopiert.
  Die Datei wird von "G:\Projects\GitHub\OpenFMSL\bin.contracts\OpenFMSL.Contracts.pdb" in "..\..\..\deploy\exe\OpenFMSL.Contracts.pdb" kopiert.
  Die Datei wird von "G:\Projects\GitHub\OpenFMSL\bin.contracts\OpenFMSL.Core.pdb" in "..\..\..\deploy\exe\OpenFMSL.Core.pdb" kopiert.
  Die Datei wird von "G:\Projects\GitHub\OpenFMSL\source\ChartEditor\packages\OxyPlot.Core.1.0.0\lib\net45\OxyPlot.pdb" in "..\..\..\deploy\exe\OxyPlot.pdb" kopiert.
  Die Datei wird von "G:\Projects\GitHub\OpenFMSL\source\ChartEditor\packages\OxyPlot.Core.1.0.0\lib\net45\OxyPlot.xml" in "..\..\..\deploy\exe\OxyPlot.xml" kopiert.
  Die Datei wird von "G:\Projects\GitHub\OpenFMSL\source\ChartEditor\packages\OxyPlot.Wpf.1.0.0\lib\net45\OxyPlot.Wpf.pdb" in "..\..\..\deploy\exe\OxyPlot.Wpf.pdb" kopiert.
  Die Datei wird von "G:\Projects\GitHub\OpenFMSL\source\ChartEditor\packages\OxyPlot.Wpf.1.0.0\lib\net45\OxyPlot.Wpf.xml" in "..\..\..\deploy\exe\OxyPlot.Wpf.xml" kopiert.
CopyFilesToOutputDirectory:
  Die Datei wird von "obj\Release\Controls.ChartEditor.dll" in "..\..\..\deploy\exe\Controls.ChartEditor.dll" kopiert.
  ChartEditor -> G:\Projects\GitHub\OpenFMSL\deploy\exe\Controls.ChartEditor.dll
  Die Datei wird von "obj\Release\Controls.ChartEditor.pdb" in "..\..\..\deploy\exe\Controls.ChartEditor.pdb" kopiert.
Die Erstellung von Projekt "G:\Projects\GitHub\OpenFMSL\source\ChartEditor\ChartEditor\ChartEditor.csproj" ist abgeschlossen (Standardziele).
Das Projekt "G:\Projects\GitHub\OpenFMSL\source\ChartEditor\ChartEditor.sln" (1) erstellt "G:\Projects\GitHub\OpenFMSL\source\ChartEditor\ChartEditor.bootstrapper\ChartEditor.bootstrapper.csproj" (3) auf Knoten "1" (Standardziele).
GenerateTargetFrameworkMonikerAttribute:
Das Ziel "GenerateTargetFrameworkMonikerAttribute" wird Åbersprungen, da alle Ausgabedateien hinsichtlich der Eingabedateien aktuell sind.
CoreCompile:
Das Ziel "CoreCompile" wird Åbersprungen, da alle Ausgabedateien hinsichtlich der Eingabedateien aktuell sind.
_CopyFilesMarkedCopyLocal:
  Die Datei wird von "G:\Projects\GitHub\OpenFMSL\lib\Caliburn.Micro.3.0.1\lib\net45\Caliburn.Micro.Platform.dll" in "..\..\..\deploy\exe\Caliburn.Micro.Platform.dll" kopiert.
  Die Datei wird von "G:\Projects\GitHub\OpenFMSL\lib\Castle.Core.3.3.3\lib\net45\Castle.Core.dll" in "..\..\..\deploy\exe\Castle.Core.dll" kopiert.
  Die Datei wird von "G:\Projects\GitHub\OpenFMSL\lib\Castle.Windsor.3.3.0\lib\net45\Castle.Windsor.dll" in "..\..\..\deploy\exe\Castle.Windsor.dll" kopiert.
  Die Datei wird von "G:\Projects\GitHub\OpenFMSL\lib\Caliburn.Micro.3.0.1\lib\net45\System.Windows.Interactivity.dll" in "..\..\..\deploy\exe\System.Windows.Interactivity.dll" kopiert.
  Die Datei wird von "G:\Projects\GitHub\OpenFMSL\lib\Caliburn.Micro.3.0.1\lib\net45\Caliburn.Micro.Platform.xml" in "..\..\..\deploy\exe\Caliburn.Micro.Platform.xml" kopiert.
  Die Datei wird von "G:\Projects\GitHub\OpenFMSL\lib\Castle.Core.3.3.3\lib\net45\Castle.Core.xml" in "..\..\..\deploy\exe\Castle.Core.xml" kopiert.
  Die Datei wird von "G:\Projects\GitHub\OpenFMSL\lib\Castle.Windsor.3.3.0\lib\net45\Castle.Windsor.xml" in "..\..\..\deploy\exe\Castle.Windsor.xml" kopiert.
CopyFilesToOutputDirectory:
  Die Datei wird von "obj\Release\ChartEditor.bootstrapper.dll" in "..\..\..\deploy\exe\ChartEditor.bootstrapper.dll" kopiert.
  ChartEditor.bootstrapper -> G:\Projects\GitHub\OpenFMSL\deploy\exe\ChartEditor.bootstrapper.dll
  Die Datei wird von "obj\Release\ChartEditor.bootstrapper.pdb" in "..\..\..\deploy\exe\ChartEditor.bootstrapper.pdb" kopiert.
Die Erstellung von Projekt "G:\Projects\GitHub\OpenFMSL\source\ChartEditor\ChartEditor.bootstrapper\ChartEditor.bootstrapper.csproj" ist abgeschlossen (Standardziele).
Die Erstellung von Projekt "G:\Projects\GitHub\OpenFMSL\source\ChartEditor\ChartEditor.sln" ist abgeschlossen (Build Ziel(e)).

Der Buildvorgang wurde erfolgreich ausgefÅhrt.
    0 Warnung(en)
    0 Fehler

Verstrichene Zeit 00:00:00.23
Die Projekte in dieser Projektmappe werden nacheinander erstellt. Um eine parallele Erstellung zu ermîglichen, mÅssen Sie den Schalter "/m" hinzufÅgen.
Der Buildvorgang wurde am 02.03.2018 17:59:56 gestartet.
Projekt "G:\Projects\GitHub\OpenFMSL\source\DocumentEditorControl\DocumentEditorControl.sln" auf Knoten "1", Build Ziel(e).
ValidateSolutionConfiguration:
  Die Projektmappenkonfiguration "release|Any CPU" wird erstellt.
Das Projekt "G:\Projects\GitHub\OpenFMSL\source\DocumentEditorControl\DocumentEditorControl.sln" (1) erstellt "G:\Projects\GitHub\OpenFMSL\source\DocumentEditorControl\DocumentEditorControl\DocumentEditorControl.csproj" (2) auf Knoten "1" (Standardziele).
MainResourcesGeneration:
Das Ziel "MainResourcesGeneration" wird Åbersprungen, da alle Ausgabedateien hinsichtlich der Eingabedateien aktuell sind.
CoreResGen:
  Es sind keine Ressourcen vorhanden, die im Hinblick auf die Quelldateien veraltet sind. Die Ressourcengenerierung wird Åbersprungen.
GenerateTargetFrameworkMonikerAttribute:
Das Ziel "GenerateTargetFrameworkMonikerAttribute" wird Åbersprungen, da alle Ausgabedateien hinsichtlich der Eingabedateien aktuell sind.
CoreCompile:
Das Ziel "CoreCompile" wird Åbersprungen, da alle Ausgabedateien hinsichtlich der Eingabedateien aktuell sind.
_CopyFilesMarkedCopyLocal:
  Die Datei wird von "G:\Projects\GitHub\OpenFMSL\source\DocumentEditorControl\packages\MaterialDesignColors.1.1.2\lib\net45\MaterialDesignColors.dll" in "..\..\..\deploy\exe\MaterialDesignColors.dll" kopiert.
  Die Datei wird von "G:\Projects\GitHub\OpenFMSL\source\DocumentEditorControl\packages\MaterialDesignThemes.2.3.1.953\lib\net45\MaterialDesignThemes.Wpf.dll" in "..\..\..\deploy\exe\MaterialDesignThemes.Wpf.dll" kopiert.
  Die Datei wird von "G:\Projects\GitHub\OpenFMSL\source\DocumentEditorControl\packages\MaterialDesignThemes.2.3.1.953\lib\net45\MaterialDesignThemes.Wpf.pdb" in "..\..\..\deploy\exe\MaterialDesignThemes.Wpf.pdb" kopiert.
  Die Datei wird von "G:\Projects\GitHub\OpenFMSL\source\DocumentEditorControl\packages\MaterialDesignThemes.2.3.1.953\lib\net45\MaterialDesignThemes.Wpf.xml" in "..\..\..\deploy\exe\MaterialDesignThemes.Wpf.xml" kopiert.
CopyFilesToOutputDirectory:
  Die Datei wird von "obj\Release\Controls.DocumentEditor.dll" in "..\..\..\deploy\exe\Controls.DocumentEditor.dll" kopiert.
  DocumentEditorControl -> G:\Projects\GitHub\OpenFMSL\deploy\exe\Controls.DocumentEditor.dll
  Die Datei wird von "obj\Release\Controls.DocumentEditor.pdb" in "..\..\..\deploy\exe\Controls.DocumentEditor.pdb" kopiert.
Die Erstellung von Projekt "G:\Projects\GitHub\OpenFMSL\source\DocumentEditorControl\DocumentEditorControl\DocumentEditorControl.csproj" ist abgeschlossen (Standardziele).
Das Projekt "G:\Projects\GitHub\OpenFMSL\source\DocumentEditorControl\DocumentEditorControl.sln" (1) erstellt "G:\Projects\GitHub\OpenFMSL\source\DocumentEditorControl\documenteditorcontrol.bootstrapper\documenteditorcontrol.bootstrapper.csproj" (3) auf Knoten "1" (Standardziele).
GenerateTargetFrameworkMonikerAttribute:
Das Ziel "GenerateTargetFrameworkMonikerAttribute" wird Åbersprungen, da alle Ausgabedateien hinsichtlich der Eingabedateien aktuell sind.
CoreCompile:
Das Ziel "CoreCompile" wird Åbersprungen, da alle Ausgabedateien hinsichtlich der Eingabedateien aktuell sind.
CopyFilesToOutputDirectory:
  Die Datei wird von "obj\Release\documenteditorcontrol.bootstrapper.dll" in "..\..\..\deploy\exe\documenteditorcontrol.bootstrapper.dll" kopiert.
  documenteditorcontrol.bootstrapper -> G:\Projects\GitHub\OpenFMSL\deploy\exe\documenteditorcontrol.bootstrapper.dll
  Die Datei wird von "obj\Release\documenteditorcontrol.bootstrapper.pdb" in "..\..\..\deploy\exe\documenteditorcontrol.bootstrapper.pdb" kopiert.
Die Erstellung von Projekt "G:\Projects\GitHub\OpenFMSL\source\DocumentEditorControl\documenteditorcontrol.bootstrapper\documenteditorcontrol.bootstrapper.csproj" ist abgeschlossen (Standardziele).
Die Erstellung von Projekt "G:\Projects\GitHub\OpenFMSL\source\DocumentEditorControl\DocumentEditorControl.sln" ist abgeschlossen (Build Ziel(e)).

Der Buildvorgang wurde erfolgreich ausgefÅhrt.
    0 Warnung(en)
    0 Fehler

Verstrichene Zeit 00:00:00.21
Die Projekte in dieser Projektmappe werden nacheinander erstellt. Um eine parallele Erstellung zu ermîglichen, mÅssen Sie den Schalter "/m" hinzufÅgen.
Der Buildvorgang wurde am 02.03.2018 17:59:56 gestartet.
Projekt "G:\Projects\GitHub\OpenFMSL\source\EntityManagerControl\EntityManagerControl.sln" auf Knoten "1", Build Ziel(e).
ValidateSolutionConfiguration:
  Die Projektmappenkonfiguration "release|Any CPU" wird erstellt.
Das Projekt "G:\Projects\GitHub\OpenFMSL\source\EntityManagerControl\EntityManagerControl.sln" (1) erstellt "G:\Projects\GitHub\OpenFMSL\source\EntityManagerControl\EntityManagerControl\EntityManagerControl.csproj" (2) auf Knoten "1" (Standardziele).
MainResourcesGeneration:
Das Ziel "MainResourcesGeneration" wird Åbersprungen, da alle Ausgabedateien hinsichtlich der Eingabedateien aktuell sind.
CoreResGen:
  Es sind keine Ressourcen vorhanden, die im Hinblick auf die Quelldateien veraltet sind. Die Ressourcengenerierung wird Åbersprungen.
GenerateTargetFrameworkMonikerAttribute:
Das Ziel "GenerateTargetFrameworkMonikerAttribute" wird Åbersprungen, da alle Ausgabedateien hinsichtlich der Eingabedateien aktuell sind.
CoreCompile:
Das Ziel "CoreCompile" wird Åbersprungen, da alle Ausgabedateien hinsichtlich der Eingabedateien aktuell sind.
CopyFilesToOutputDirectory:
  Die Datei wird von "obj\Release\Controls.EntityManager.dll" in "..\..\..\deploy\exe\Controls.EntityManager.dll" kopiert.
  EntityManagerControl -> G:\Projects\GitHub\OpenFMSL\deploy\exe\Controls.EntityManager.dll
  Die Datei wird von "obj\Release\Controls.EntityManager.pdb" in "..\..\..\deploy\exe\Controls.EntityManager.pdb" kopiert.
Die Erstellung von Projekt "G:\Projects\GitHub\OpenFMSL\source\EntityManagerControl\EntityManagerControl\EntityManagerControl.csproj" ist abgeschlossen (Standardziele).
Das Projekt "G:\Projects\GitHub\OpenFMSL\source\EntityManagerControl\EntityManagerControl.sln" (1) erstellt "G:\Projects\GitHub\OpenFMSL\source\EntityManagerControl\entitymanagercontrol.bootstrapper\entitymanagercontrol.bootstrapper.csproj" (3) auf Knoten "1" (Standardziele).
GenerateTargetFrameworkMonikerAttribute:
Das Ziel "GenerateTargetFrameworkMonikerAttribute" wird Åbersprungen, da alle Ausgabedateien hinsichtlich der Eingabedateien aktuell sind.
CoreCompile:
Das Ziel "CoreCompile" wird Åbersprungen, da alle Ausgabedateien hinsichtlich der Eingabedateien aktuell sind.
CopyFilesToOutputDirectory:
  Die Datei wird von "obj\Release\entitymanagercontrol.bootstrapper.dll" in "..\..\..\deploy\exe\entitymanagercontrol.bootstrapper.dll" kopiert.
  entitymanagercontrol.bootstrapper -> G:\Projects\GitHub\OpenFMSL\deploy\exe\entitymanagercontrol.bootstrapper.dll
  Die Datei wird von "obj\Release\entitymanagercontrol.bootstrapper.pdb" in "..\..\..\deploy\exe\entitymanagercontrol.bootstrapper.pdb" kopiert.
Die Erstellung von Projekt "G:\Projects\GitHub\OpenFMSL\source\EntityManagerControl\entitymanagercontrol.bootstrapper\entitymanagercontrol.bootstrapper.csproj" ist abgeschlossen (Standardziele).
Die Erstellung von Projekt "G:\Projects\GitHub\OpenFMSL\source\EntityManagerControl\EntityManagerControl.sln" ist abgeschlossen (Build Ziel(e)).

Der Buildvorgang wurde erfolgreich ausgefÅhrt.
    0 Warnung(en)
    0 Fehler

Verstrichene Zeit 00:00:00.20
Die Projekte in dieser Projektmappe werden nacheinander erstellt. Um eine parallele Erstellung zu ermîglichen, mÅssen Sie den Schalter "/m" hinzufÅgen.
Der Buildvorgang wurde am 02.03.2018 17:59:57 gestartet.
Projekt "G:\Projects\GitHub\OpenFMSL\source\InteractiveConsoleControl\InteractiveConsoleControl.sln" auf Knoten "1", Build Ziel(e).
ValidateSolutionConfiguration:
  Die Projektmappenkonfiguration "release|Any CPU" wird erstellt.
Das Projekt "G:\Projects\GitHub\OpenFMSL\source\InteractiveConsoleControl\InteractiveConsoleControl.sln" (1) erstellt "G:\Projects\GitHub\OpenFMSL\source\InteractiveConsoleControl\InteractiveConsoleControl\InteractiveConsoleControl.csproj" (2) auf Knoten "1" (Standardziele).
MainResourcesGeneration:
Das Ziel "MainResourcesGeneration" wird Åbersprungen, da alle Ausgabedateien hinsichtlich der Eingabedateien aktuell sind.
CoreResGen:
  Es sind keine Ressourcen vorhanden, die im Hinblick auf die Quelldateien veraltet sind. Die Ressourcengenerierung wird Åbersprungen.
GenerateTargetFrameworkMonikerAttribute:
Das Ziel "GenerateTargetFrameworkMonikerAttribute" wird Åbersprungen, da alle Ausgabedateien hinsichtlich der Eingabedateien aktuell sind.
CoreCompile:
Das Ziel "CoreCompile" wird Åbersprungen, da alle Ausgabedateien hinsichtlich der Eingabedateien aktuell sind.
_CopyFilesMarkedCopyLocal:
  Die Datei wird von "G:\Projects\GitHub\OpenFMSL\lib\ICSharpCode.AvalonEdit.dll" in "..\..\..\deploy\exe\ICSharpCode.AvalonEdit.dll" kopiert.
_CopyOutOfDateSourceItemsToOutputDirectory:
  Das Verzeichnis "..\..\..\deploy\exe\Resources" wird erstellt.
  Die Datei wird von "G:\Projects\GitHub\OpenFMSL\source\InteractiveConsoleControl\InteractiveConsoleControl\Resources\Log.xshd" in "..\..\..\deploy\exe\Resources\Log.xshd" kopiert.
CopyFilesToOutputDirectory:
  Die Datei wird von "obj\Release\Controls.InteractiveConsole.dll" in "..\..\..\deploy\exe\Controls.InteractiveConsole.dll" kopiert.
  InteractiveConsoleControl -> G:\Projects\GitHub\OpenFMSL\deploy\exe\Controls.InteractiveConsole.dll
  Die Datei wird von "obj\Release\Controls.InteractiveConsole.pdb" in "..\..\..\deploy\exe\Controls.InteractiveConsole.pdb" kopiert.
Die Erstellung von Projekt "G:\Projects\GitHub\OpenFMSL\source\InteractiveConsoleControl\InteractiveConsoleControl\InteractiveConsoleControl.csproj" ist abgeschlossen (Standardziele).
Das Projekt "G:\Projects\GitHub\OpenFMSL\source\InteractiveConsoleControl\InteractiveConsoleControl.sln" (1) erstellt "G:\Projects\GitHub\OpenFMSL\source\InteractiveConsoleControl\interactiveconsolecontrol.bootstrapper\interactiveconsolecontrol.bootstrapper.csproj" (3) auf Knoten "1" (Standardziele).
GenerateTargetFrameworkMonikerAttribute:
Das Ziel "GenerateTargetFrameworkMonikerAttribute" wird Åbersprungen, da alle Ausgabedateien hinsichtlich der Eingabedateien aktuell sind.
CoreCompile:
Das Ziel "CoreCompile" wird Åbersprungen, da alle Ausgabedateien hinsichtlich der Eingabedateien aktuell sind.
_CopyOutOfDateSourceItemsToOutputDirectory:
Das Ziel "_CopyOutOfDateSourceItemsToOutputDirectory" wird Åbersprungen, da alle Ausgabedateien hinsichtlich der Eingabedateien aktuell sind.
CopyFilesToOutputDirectory:
  Die Datei wird von "obj\Release\interactiveconsolecontrol.bootstrapper.dll" in "..\..\..\deploy\exe\interactiveconsolecontrol.bootstrapper.dll" kopiert.
  interactiveconsolecontrol.bootstrapper -> G:\Projects\GitHub\OpenFMSL\deploy\exe\interactiveconsolecontrol.bootstrapper.dll
  Die Datei wird von "obj\Release\interactiveconsolecontrol.bootstrapper.pdb" in "..\..\..\deploy\exe\interactiveconsolecontrol.bootstrapper.pdb" kopiert.
Die Erstellung von Projekt "G:\Projects\GitHub\OpenFMSL\source\InteractiveConsoleControl\interactiveconsolecontrol.bootstrapper\interactiveconsolecontrol.bootstrapper.csproj" ist abgeschlossen (Standardziele).
Die Erstellung von Projekt "G:\Projects\GitHub\OpenFMSL\source\InteractiveConsoleControl\InteractiveConsoleControl.sln" ist abgeschlossen (Build Ziel(e)).

Der Buildvorgang wurde erfolgreich ausgefÅhrt.
    0 Warnung(en)
    0 Fehler

Verstrichene Zeit 00:00:00.21
Die Projekte in dieser Projektmappe werden nacheinander erstellt. Um eine parallele Erstellung zu ermîglichen, mÅssen Sie den Schalter "/m" hinzufÅgen.
Der Buildvorgang wurde am 02.03.2018 17:59:58 gestartet.
Projekt "G:\Projects\GitHub\OpenFMSL\source\JsonProjectStorage\JsonProjectStorage.sln" auf Knoten "1", Build Ziel(e).
ValidateSolutionConfiguration:
  Die Projektmappenkonfiguration "release|Any CPU" wird erstellt.
Das Projekt "G:\Projects\GitHub\OpenFMSL\source\JsonProjectStorage\JsonProjectStorage.sln" (1) erstellt "G:\Projects\GitHub\OpenFMSL\source\JsonProjectStorage\JsonProjectStorage\JsonProjectStorage.csproj" (2) auf Knoten "1" (Standardziele).
GenerateTargetFrameworkMonikerAttribute:
Das Ziel "GenerateTargetFrameworkMonikerAttribute" wird Åbersprungen, da alle Ausgabedateien hinsichtlich der Eingabedateien aktuell sind.
CoreCompile:
Das Ziel "CoreCompile" wird Åbersprungen, da alle Ausgabedateien hinsichtlich der Eingabedateien aktuell sind.
_CopyFilesMarkedCopyLocal:
  Die Datei wird von "G:\Projects\GitHub\OpenFMSL\source\JsonProjectStorage\packages\Newtonsoft.Json.Bson.1.0.1\lib\net45\Newtonsoft.Json.Bson.dll" in "..\..\..\deploy\exe\Newtonsoft.Json.Bson.dll" kopiert.
  Die Datei wird von "G:\Projects\GitHub\OpenFMSL\source\JsonProjectStorage\packages\Newtonsoft.Json.10.0.3\lib\net45\Newtonsoft.Json.dll" in "..\..\..\deploy\exe\Newtonsoft.Json.dll" kopiert.
  Die Datei wird von "G:\Projects\GitHub\OpenFMSL\source\JsonProjectStorage\packages\Newtonsoft.Json.10.0.3\lib\net45\Newtonsoft.Json.xml" in "..\..\..\deploy\exe\Newtonsoft.Json.xml" kopiert.
  Die Datei wird von "G:\Projects\GitHub\OpenFMSL\source\JsonProjectStorage\packages\Newtonsoft.Json.Bson.1.0.1\lib\net45\Newtonsoft.Json.Bson.xml" in "..\..\..\deploy\exe\Newtonsoft.Json.Bson.xml" kopiert.
CopyFilesToOutputDirectory:
  Die Datei wird von "obj\Release\Modules.JsonProjectStorage.dll" in "..\..\..\deploy\exe\Modules.JsonProjectStorage.dll" kopiert.
  JsonProjectStorage -> G:\Projects\GitHub\OpenFMSL\deploy\exe\Modules.JsonProjectStorage.dll
  Die Datei wird von "obj\Release\Modules.JsonProjectStorage.pdb" in "..\..\..\deploy\exe\Modules.JsonProjectStorage.pdb" kopiert.
Die Erstellung von Projekt "G:\Projects\GitHub\OpenFMSL\source\JsonProjectStorage\JsonProjectStorage\JsonProjectStorage.csproj" ist abgeschlossen (Standardziele).
Das Projekt "G:\Projects\GitHub\OpenFMSL\source\JsonProjectStorage\JsonProjectStorage.sln" (1) erstellt "G:\Projects\GitHub\OpenFMSL\source\JsonProjectStorage\jsonprojectstorage.bootstrapper\jsonprojectstorage.bootstrapper.csproj" (3) auf Knoten "1" (Standardziele).
GenerateTargetFrameworkMonikerAttribute:
Das Ziel "GenerateTargetFrameworkMonikerAttribute" wird Åbersprungen, da alle Ausgabedateien hinsichtlich der Eingabedateien aktuell sind.
CoreCompile:
Das Ziel "CoreCompile" wird Åbersprungen, da alle Ausgabedateien hinsichtlich der Eingabedateien aktuell sind.
CopyFilesToOutputDirectory:
  Die Datei wird von "obj\Release\jsonprojectstorage.bootstrapper.dll" in "..\..\..\deploy\exe\jsonprojectstorage.bootstrapper.dll" kopiert.
  jsonprojectstorage.bootstrapper -> G:\Projects\GitHub\OpenFMSL\deploy\exe\jsonprojectstorage.bootstrapper.dll
  Die Datei wird von "obj\Release\jsonprojectstorage.bootstrapper.pdb" in "..\..\..\deploy\exe\jsonprojectstorage.bootstrapper.pdb" kopiert.
Die Erstellung von Projekt "G:\Projects\GitHub\OpenFMSL\source\JsonProjectStorage\jsonprojectstorage.bootstrapper\jsonprojectstorage.bootstrapper.csproj" ist abgeschlossen (Standardziele).
Die Erstellung von Projekt "G:\Projects\GitHub\OpenFMSL\source\JsonProjectStorage\JsonProjectStorage.sln" ist abgeschlossen (Build Ziel(e)).

Der Buildvorgang wurde erfolgreich ausgefÅhrt.
    0 Warnung(en)
    0 Fehler

Verstrichene Zeit 00:00:00.17
Die Projekte in dieser Projektmappe werden nacheinander erstellt. Um eine parallele Erstellung zu ermîglichen, mÅssen Sie den Schalter "/m" hinzufÅgen.
Der Buildvorgang wurde am 02.03.2018 17:59:58 gestartet.
Projekt "G:\Projects\GitHub\OpenFMSL\source\MessageLogControl\MessageLogControl.WPF.sln" auf Knoten "1", Build Ziel(e).
ValidateSolutionConfiguration:
  Die Projektmappenkonfiguration "release|Any CPU" wird erstellt.
Das Projekt "G:\Projects\GitHub\OpenFMSL\source\MessageLogControl\MessageLogControl.WPF.sln" (1) erstellt "G:\Projects\GitHub\OpenFMSL\source\MessageLogControl\MessageLogControl.WPF\MessageLogControl.WPF.csproj" (2) auf Knoten "1" (Standardziele).
MainResourcesGeneration:
Das Ziel "MainResourcesGeneration" wird Åbersprungen, da alle Ausgabedateien hinsichtlich der Eingabedateien aktuell sind.
CoreResGen:
  Es sind keine Ressourcen vorhanden, die im Hinblick auf die Quelldateien veraltet sind. Die Ressourcengenerierung wird Åbersprungen.
GenerateTargetFrameworkMonikerAttribute:
Das Ziel "GenerateTargetFrameworkMonikerAttribute" wird Åbersprungen, da alle Ausgabedateien hinsichtlich der Eingabedateien aktuell sind.
CoreCompile:
Das Ziel "CoreCompile" wird Åbersprungen, da alle Ausgabedateien hinsichtlich der Eingabedateien aktuell sind.
CopyFilesToOutputDirectory:
  Die Datei wird von "obj\Release\Controls.MessageLog.dll" in "..\..\..\deploy\exe\Controls.MessageLog.dll" kopiert.
  MessageLogControl.WPF -> G:\Projects\GitHub\OpenFMSL\deploy\exe\Controls.MessageLog.dll
  Die Datei wird von "obj\Release\Controls.MessageLog.pdb" in "..\..\..\deploy\exe\Controls.MessageLog.pdb" kopiert.
Die Erstellung von Projekt "G:\Projects\GitHub\OpenFMSL\source\MessageLogControl\MessageLogControl.WPF\MessageLogControl.WPF.csproj" ist abgeschlossen (Standardziele).
Das Projekt "G:\Projects\GitHub\OpenFMSL\source\MessageLogControl\MessageLogControl.WPF.sln" (1) erstellt "G:\Projects\GitHub\OpenFMSL\source\MessageLogControl\messagelogcontrol.wpf.bootstrapper\messagelogcontrol.wpf.bootstrapper.csproj" (3) auf Knoten "1" (Standardziele).
GenerateTargetFrameworkMonikerAttribute:
Das Ziel "GenerateTargetFrameworkMonikerAttribute" wird Åbersprungen, da alle Ausgabedateien hinsichtlich der Eingabedateien aktuell sind.
CoreCompile:
Das Ziel "CoreCompile" wird Åbersprungen, da alle Ausgabedateien hinsichtlich der Eingabedateien aktuell sind.
CopyFilesToOutputDirectory:
  Die Datei wird von "obj\Release\messagelogcontrol.bootstrapper.dll" in "..\..\..\deploy\exe\messagelogcontrol.bootstrapper.dll" kopiert.
  messagelogcontrol.wpf.bootstrapper -> G:\Projects\GitHub\OpenFMSL\deploy\exe\messagelogcontrol.bootstrapper.dll
  Die Datei wird von "obj\Release\messagelogcontrol.bootstrapper.pdb" in "..\..\..\deploy\exe\messagelogcontrol.bootstrapper.pdb" kopiert.
Die Erstellung von Projekt "G:\Projects\GitHub\OpenFMSL\source\MessageLogControl\messagelogcontrol.wpf.bootstrapper\messagelogcontrol.wpf.bootstrapper.csproj" ist abgeschlossen (Standardziele).
Die Erstellung von Projekt "G:\Projects\GitHub\OpenFMSL\source\MessageLogControl\MessageLogControl.WPF.sln" ist abgeschlossen (Build Ziel(e)).

Der Buildvorgang wurde erfolgreich ausgefÅhrt.
    0 Warnung(en)
    0 Fehler

Verstrichene Zeit 00:00:00.20
Die Projekte in dieser Projektmappe werden nacheinander erstellt. Um eine parallele Erstellung zu ermîglichen, mÅssen Sie den Schalter "/m" hinzufÅgen.
Der Buildvorgang wurde am 02.03.2018 17:59:59 gestartet.
Projekt "G:\Projects\GitHub\OpenFMSL\source\PythonEnvironment\PythonEnvironment.sln" auf Knoten "1", Build Ziel(e).
ValidateSolutionConfiguration:
  Die Projektmappenkonfiguration "release|Any CPU" wird erstellt.
Das Projekt "G:\Projects\GitHub\OpenFMSL\source\PythonEnvironment\PythonEnvironment.sln" (1) erstellt "G:\Projects\GitHub\OpenFMSL\source\PythonEnvironment\PythonEnvironment\PythonEnvironment.csproj" (2) auf Knoten "1" (Standardziele).
GenerateTargetFrameworkMonikerAttribute:
Das Ziel "GenerateTargetFrameworkMonikerAttribute" wird Åbersprungen, da alle Ausgabedateien hinsichtlich der Eingabedateien aktuell sind.
CoreCompile:
Das Ziel "CoreCompile" wird Åbersprungen, da alle Ausgabedateien hinsichtlich der Eingabedateien aktuell sind.
_CopyFilesMarkedCopyLocal:
  Die Datei wird von "G:\Projects\GitHub\OpenFMSL\lib\IronPython.2.7.5\lib\Net45\IronPython.dll" in "..\..\..\deploy\exe\IronPython.dll" kopiert.
  Die Datei wird von "G:\Projects\GitHub\OpenFMSL\lib\IronPython.2.7.5\lib\Net45\Microsoft.Dynamic.dll" in "..\..\..\deploy\exe\Microsoft.Dynamic.dll" kopiert.
  Die Datei wird von "G:\Projects\GitHub\OpenFMSL\lib\IronPython.2.7.5\lib\Net45\Microsoft.Scripting.dll" in "..\..\..\deploy\exe\Microsoft.Scripting.dll" kopiert.
  Die Datei wird von "G:\Projects\GitHub\OpenFMSL\lib\IronPython.2.7.5\lib\Net45\Microsoft.Scripting.Metadata.dll" in "..\..\..\deploy\exe\Microsoft.Scripting.Metadata.dll" kopiert.
  Die Datei wird von "G:\Projects\GitHub\OpenFMSL\lib\IronPython.2.7.5\lib\Net45\IronPython.xml" in "..\..\..\deploy\exe\IronPython.xml" kopiert.
  Die Datei wird von "G:\Projects\GitHub\OpenFMSL\lib\IronPython.2.7.5\lib\Net45\Microsoft.Dynamic.xml" in "..\..\..\deploy\exe\Microsoft.Dynamic.xml" kopiert.
  Die Datei wird von "G:\Projects\GitHub\OpenFMSL\lib\IronPython.2.7.5\lib\Net45\Microsoft.Scripting.xml" in "..\..\..\deploy\exe\Microsoft.Scripting.xml" kopiert.
  Die Datei wird von "G:\Projects\GitHub\OpenFMSL\lib\IronPython.2.7.5\lib\Net45\Microsoft.Scripting.Metadata.xml" in "..\..\..\deploy\exe\Microsoft.Scripting.Metadata.xml" kopiert.
CopyFilesToOutputDirectory:
  Die Datei wird von "obj\Release\Modules.PythonEnvironment.dll" in "..\..\..\deploy\exe\Modules.PythonEnvironment.dll" kopiert.
  PythonEnvironment -> G:\Projects\GitHub\OpenFMSL\deploy\exe\Modules.PythonEnvironment.dll
  Die Datei wird von "obj\Release\Modules.PythonEnvironment.pdb" in "..\..\..\deploy\exe\Modules.PythonEnvironment.pdb" kopiert.
Die Erstellung von Projekt "G:\Projects\GitHub\OpenFMSL\source\PythonEnvironment\PythonEnvironment\PythonEnvironment.csproj" ist abgeschlossen (Standardziele).
Das Projekt "G:\Projects\GitHub\OpenFMSL\source\PythonEnvironment\PythonEnvironment.sln" (1) erstellt "G:\Projects\GitHub\OpenFMSL\source\PythonEnvironment\pythonenvironment.bootstrapper\pythonenvironment.bootstrapper.csproj" (3) auf Knoten "1" (Standardziele).
GenerateTargetFrameworkMonikerAttribute:
Das Ziel "GenerateTargetFrameworkMonikerAttribute" wird Åbersprungen, da alle Ausgabedateien hinsichtlich der Eingabedateien aktuell sind.
CoreCompile:
Das Ziel "CoreCompile" wird Åbersprungen, da alle Ausgabedateien hinsichtlich der Eingabedateien aktuell sind.
CopyFilesToOutputDirectory:
  Die Datei wird von "obj\Release\pythonenvironment.bootstrapper.dll" in "..\..\..\deploy\exe\pythonenvironment.bootstrapper.dll" kopiert.
  pythonenvironment.bootstrapper -> G:\Projects\GitHub\OpenFMSL\deploy\exe\pythonenvironment.bootstrapper.dll
  Die Datei wird von "obj\Release\pythonenvironment.bootstrapper.pdb" in "..\..\..\deploy\exe\pythonenvironment.bootstrapper.pdb" kopiert.
Die Erstellung von Projekt "G:\Projects\GitHub\OpenFMSL\source\PythonEnvironment\pythonenvironment.bootstrapper\pythonenvironment.bootstrapper.csproj" ist abgeschlossen (Standardziele).
Die Erstellung von Projekt "G:\Projects\GitHub\OpenFMSL\source\PythonEnvironment\PythonEnvironment.sln" ist abgeschlossen (Build Ziel(e)).

Der Buildvorgang wurde erfolgreich ausgefÅhrt.
    0 Warnung(en)
    0 Fehler

Verstrichene Zeit 00:00:00.17
Die Projekte in dieser Projektmappe werden nacheinander erstellt. Um eine parallele Erstellung zu ermîglichen, mÅssen Sie den Schalter "/m" hinzufÅgen.
Der Buildvorgang wurde am 02.03.2018 17:59:59 gestartet.
Projekt "G:\Projects\GitHub\OpenFMSL\source\PythonScriptEditor\PythonScriptEditor.sln" auf Knoten "1", Build Ziel(e).
ValidateSolutionConfiguration:
  Die Projektmappenkonfiguration "release|Any CPU" wird erstellt.
Das Projekt "G:\Projects\GitHub\OpenFMSL\source\PythonScriptEditor\PythonScriptEditor.sln" (1) erstellt "G:\Projects\GitHub\OpenFMSL\source\PythonScriptEditor\PythonScriptEditor\PythonScriptEditor.csproj" (2) auf Knoten "1" (Standardziele).
MainResourcesGeneration:
Das Ziel "MainResourcesGeneration" wird Åbersprungen, da alle Ausgabedateien hinsichtlich der Eingabedateien aktuell sind.
CoreResGen:
  Es sind keine Ressourcen vorhanden, die im Hinblick auf die Quelldateien veraltet sind. Die Ressourcengenerierung wird Åbersprungen.
GenerateTargetFrameworkMonikerAttribute:
Das Ziel "GenerateTargetFrameworkMonikerAttribute" wird Åbersprungen, da alle Ausgabedateien hinsichtlich der Eingabedateien aktuell sind.
CoreCompile:
Das Ziel "CoreCompile" wird Åbersprungen, da alle Ausgabedateien hinsichtlich der Eingabedateien aktuell sind.
_CopyOutOfDateSourceItemsToOutputDirectoryAlways:
  Die Datei wird von "G:\Projects\GitHub\OpenFMSL\source\PythonScriptEditor\PythonScriptEditor\Resources\Python.xshd" in "..\..\..\deploy\exe\Resources\Python.xshd" kopiert.
CopyFilesToOutputDirectory:
  Die Datei wird von "obj\Release\Controls.PythonScriptEditor.dll" in "..\..\..\deploy\exe\Controls.PythonScriptEditor.dll" kopiert.
  PythonScriptEditor -> G:\Projects\GitHub\OpenFMSL\deploy\exe\Controls.PythonScriptEditor.dll
  Die Datei wird von "obj\Release\Controls.PythonScriptEditor.pdb" in "..\..\..\deploy\exe\Controls.PythonScriptEditor.pdb" kopiert.
Die Erstellung von Projekt "G:\Projects\GitHub\OpenFMSL\source\PythonScriptEditor\PythonScriptEditor\PythonScriptEditor.csproj" ist abgeschlossen (Standardziele).
Das Projekt "G:\Projects\GitHub\OpenFMSL\source\PythonScriptEditor\PythonScriptEditor.sln" (1) erstellt "G:\Projects\GitHub\OpenFMSL\source\PythonScriptEditor\pythonscripteditor.bootstrapper\pythonscripteditor.bootstrapper.csproj" (3) auf Knoten "1" (Standardziele).
GenerateTargetFrameworkMonikerAttribute:
Das Ziel "GenerateTargetFrameworkMonikerAttribute" wird Åbersprungen, da alle Ausgabedateien hinsichtlich der Eingabedateien aktuell sind.
CoreCompile:
Das Ziel "CoreCompile" wird Åbersprungen, da alle Ausgabedateien hinsichtlich der Eingabedateien aktuell sind.
_CopyOutOfDateSourceItemsToOutputDirectoryAlways:
  Die Datei wird von "G:\Projects\GitHub\OpenFMSL\source\PythonScriptEditor\PythonScriptEditor\Resources\Python.xshd" in "..\..\..\deploy\exe\Resources\Python.xshd" kopiert.
CopyFilesToOutputDirectory:
  Die Datei wird von "obj\Release\pythonscripteditor.bootstrapper.dll" in "..\..\..\deploy\exe\pythonscripteditor.bootstrapper.dll" kopiert.
  pythonscripteditor.bootstrapper -> G:\Projects\GitHub\OpenFMSL\deploy\exe\pythonscripteditor.bootstrapper.dll
  Die Datei wird von "obj\Release\pythonscripteditor.bootstrapper.pdb" in "..\..\..\deploy\exe\pythonscripteditor.bootstrapper.pdb" kopiert.
Die Erstellung von Projekt "G:\Projects\GitHub\OpenFMSL\source\PythonScriptEditor\pythonscripteditor.bootstrapper\pythonscripteditor.bootstrapper.csproj" ist abgeschlossen (Standardziele).
Die Erstellung von Projekt "G:\Projects\GitHub\OpenFMSL\source\PythonScriptEditor\PythonScriptEditor.sln" ist abgeschlossen (Build Ziel(e)).

Der Buildvorgang wurde erfolgreich ausgefÅhrt.
    0 Warnung(en)
    0 Fehler

Verstrichene Zeit 00:00:00.21
Die Projekte in dieser Projektmappe werden nacheinander erstellt. Um eine parallele Erstellung zu ermîglichen, mÅssen Sie den Schalter "/m" hinzufÅgen.
Der Buildvorgang wurde am 02.03.2018 18:00:00 gestartet.
Projekt "G:\Projects\GitHub\OpenFMSL\source\Shell\Shell.sln" auf Knoten "1", Build Ziel(e).
ValidateSolutionConfiguration:
  Die Projektmappenkonfiguration "release|Any CPU" wird erstellt.
Das Projekt "G:\Projects\GitHub\OpenFMSL\source\Shell\Shell.sln" (1) erstellt "G:\Projects\GitHub\OpenFMSL\source\Shell\Shell\Shell.csproj" (2) auf Knoten "1" (Standardziele).
GenerateBindingRedirects:
  Keine vorgeschlagenen BindingRedirect-EintrÑge von ResolveAssemblyReferences.
MainResourcesGeneration:
Das Ziel "MainResourcesGeneration" wird Åbersprungen, da alle Ausgabedateien hinsichtlich der Eingabedateien aktuell sind.
CoreResGen:
  Es sind keine Ressourcen vorhanden, die im Hinblick auf die Quelldateien veraltet sind. Die Ressourcengenerierung wird Åbersprungen.
GenerateTargetFrameworkMonikerAttribute:
Das Ziel "GenerateTargetFrameworkMonikerAttribute" wird Åbersprungen, da alle Ausgabedateien hinsichtlich der Eingabedateien aktuell sind.
CoreCompile:
Das Ziel "CoreCompile" wird Åbersprungen, da alle Ausgabedateien hinsichtlich der Eingabedateien aktuell sind.
_CopyAppConfigFile:
  Die Datei wird von "App.config" in "..\..\..\deploy\exe\Shell.exe.config" kopiert.
CopyFilesToOutputDirectory:
  Die Datei wird von "obj\Release\Shell.exe" in "..\..\..\deploy\exe\Shell.exe" kopiert.
  Shell -> G:\Projects\GitHub\OpenFMSL\deploy\exe\Shell.exe
  Die Datei wird von "obj\Release\Shell.pdb" in "..\..\..\deploy\exe\Shell.pdb" kopiert.
PostBuildEvent:
  start xcopy /Y  "G:\Projects\GitHub\OpenFMSL\source\Shell\..\..\lib\Ipopt\*.dll" "G:\Projects\GitHub\OpenFMSL\deploy\exe\"
Die Erstellung von Projekt "G:\Projects\GitHub\OpenFMSL\source\Shell\Shell\Shell.csproj" ist abgeschlossen (Standardziele).
Die Erstellung von Projekt "G:\Projects\GitHub\OpenFMSL\source\Shell\Shell.sln" ist abgeschlossen (Build Ziel(e)).

Der Buildvorgang wurde erfolgreich ausgefÅhrt.
    0 Warnung(en)
    0 Fehler

Verstrichene Zeit 00:00:00.28
Die Projekte in dieser Projektmappe werden nacheinander erstellt. Um eine parallele Erstellung zu ermîglichen, mÅssen Sie den Schalter "/m" hinzufÅgen.
Der Buildvorgang wurde am 02.03.2018 18:00:01 gestartet.
Projekt "G:\Projects\GitHub\OpenFMSL\source\SnapshotEditor\SnapshotEditor.sln" auf Knoten "1", Build Ziel(e).
ValidateSolutionConfiguration:
  Die Projektmappenkonfiguration "release|Any CPU" wird erstellt.
Das Projekt "G:\Projects\GitHub\OpenFMSL\source\SnapshotEditor\SnapshotEditor.sln" (1) erstellt "G:\Projects\GitHub\OpenFMSL\source\SnapshotEditor\SnapshotEditor\SnapshotEditor.csproj" (2) auf Knoten "1" (Standardziele).
MainResourcesGeneration:
Das Ziel "MainResourcesGeneration" wird Åbersprungen, da alle Ausgabedateien hinsichtlich der Eingabedateien aktuell sind.
CoreResGen:
  Es sind keine Ressourcen vorhanden, die im Hinblick auf die Quelldateien veraltet sind. Die Ressourcengenerierung wird Åbersprungen.
GenerateTargetFrameworkMonikerAttribute:
Das Ziel "GenerateTargetFrameworkMonikerAttribute" wird Åbersprungen, da alle Ausgabedateien hinsichtlich der Eingabedateien aktuell sind.
CoreCompile:
Das Ziel "CoreCompile" wird Åbersprungen, da alle Ausgabedateien hinsichtlich der Eingabedateien aktuell sind.
_CopyFilesMarkedCopyLocal:
  Die Datei wird von "C:\Program Files (x86)\Microsoft SDKs\Expression\Blend\.NETFramework\v4.5\Libraries\System.Windows.Interactivity.dll" in "..\..\..\deploy\exe\System.Windows.Interactivity.dll" kopiert.
  Das Verzeichnis "..\..\..\deploy\exe\de" wird erstellt.
  Die Datei wird von "C:\Program Files (x86)\Microsoft SDKs\Expression\Blend\.NETFramework\v4.5\Libraries\de\System.Windows.Interactivity.resources.dll" in "..\..\..\deploy\exe\de\System.Windows.Interactivity.resources.dll" kopiert.
  Das Verzeichnis "..\..\..\deploy\exe\en" wird erstellt.
  Die Datei wird von "C:\Program Files (x86)\Microsoft SDKs\Expression\Blend\.NETFramework\v4.5\Libraries\en\System.Windows.Interactivity.resources.dll" in "..\..\..\deploy\exe\en\System.Windows.Interactivity.resources.dll" kopiert.
  Das Verzeichnis "..\..\..\deploy\exe\es" wird erstellt.
  Die Datei wird von "C:\Program Files (x86)\Microsoft SDKs\Expression\Blend\.NETFramework\v4.5\Libraries\es\System.Windows.Interactivity.resources.dll" in "..\..\..\deploy\exe\es\System.Windows.Interactivity.resources.dll" kopiert.
  Das Verzeichnis "..\..\..\deploy\exe\fr" wird erstellt.
  Die Datei wird von "C:\Program Files (x86)\Microsoft SDKs\Expression\Blend\.NETFramework\v4.5\Libraries\fr\System.Windows.Interactivity.resources.dll" in "..\..\..\deploy\exe\fr\System.Windows.Interactivity.resources.dll" kopiert.
  Das Verzeichnis "..\..\..\deploy\exe\it" wird erstellt.
  Die Datei wird von "C:\Program Files (x86)\Microsoft SDKs\Expression\Blend\.NETFramework\v4.5\Libraries\it\System.Windows.Interactivity.resources.dll" in "..\..\..\deploy\exe\it\System.Windows.Interactivity.resources.dll" kopiert.
  Das Verzeichnis "..\..\..\deploy\exe\ja" wird erstellt.
  Die Datei wird von "C:\Program Files (x86)\Microsoft SDKs\Expression\Blend\.NETFramework\v4.5\Libraries\ja\System.Windows.Interactivity.resources.dll" in "..\..\..\deploy\exe\ja\System.Windows.Interactivity.resources.dll" kopiert.
  Das Verzeichnis "..\..\..\deploy\exe\ko" wird erstellt.
  Die Datei wird von "C:\Program Files (x86)\Microsoft SDKs\Expression\Blend\.NETFramework\v4.5\Libraries\ko\System.Windows.Interactivity.resources.dll" in "..\..\..\deploy\exe\ko\System.Windows.Interactivity.resources.dll" kopiert.
  Das Verzeichnis "..\..\..\deploy\exe\ru" wird erstellt.
  Die Datei wird von "C:\Program Files (x86)\Microsoft SDKs\Expression\Blend\.NETFramework\v4.5\Libraries\ru\System.Windows.Interactivity.resources.dll" in "..\..\..\deploy\exe\ru\System.Windows.Interactivity.resources.dll" kopiert.
  Das Verzeichnis "..\..\..\deploy\exe\zh-Hans" wird erstellt.
  Die Datei wird von "C:\Program Files (x86)\Microsoft SDKs\Expression\Blend\.NETFramework\v4.5\Libraries\zh-Hans\System.Windows.Interactivity.resources.dll" in "..\..\..\deploy\exe\zh-Hans\System.Windows.Interactivity.resources.dll" kopiert.
  Das Verzeichnis "..\..\..\deploy\exe\zh-Hant" wird erstellt.
  Die Datei wird von "C:\Program Files (x86)\Microsoft SDKs\Expression\Blend\.NETFramework\v4.5\Libraries\zh-Hant\System.Windows.Interactivity.resources.dll" in "..\..\..\deploy\exe\zh-Hant\System.Windows.Interactivity.resources.dll" kopiert.
CopyFilesToOutputDirectory:
  Die Datei wird von "obj\Release\Controls.SnapshotEditor.dll" in "..\..\..\deploy\exe\Controls.SnapshotEditor.dll" kopiert.
  SnapshotEditor -> G:\Projects\GitHub\OpenFMSL\deploy\exe\Controls.SnapshotEditor.dll
  Die Datei wird von "obj\Release\Controls.SnapshotEditor.pdb" in "..\..\..\deploy\exe\Controls.SnapshotEditor.pdb" kopiert.
Die Erstellung von Projekt "G:\Projects\GitHub\OpenFMSL\source\SnapshotEditor\SnapshotEditor\SnapshotEditor.csproj" ist abgeschlossen (Standardziele).
Das Projekt "G:\Projects\GitHub\OpenFMSL\source\SnapshotEditor\SnapshotEditor.sln" (1) erstellt "G:\Projects\GitHub\OpenFMSL\source\SnapshotEditor\SnapshotEditor.bootstrapper\SnapshotEditor.bootstrapper.csproj" (3) auf Knoten "1" (Standardziele).
GenerateTargetFrameworkMonikerAttribute:
Das Ziel "GenerateTargetFrameworkMonikerAttribute" wird Åbersprungen, da alle Ausgabedateien hinsichtlich der Eingabedateien aktuell sind.
CoreCompile:
Das Ziel "CoreCompile" wird Åbersprungen, da alle Ausgabedateien hinsichtlich der Eingabedateien aktuell sind.
_CopyFilesMarkedCopyLocal:
  Die Datei wird von "G:\Projects\GitHub\OpenFMSL\lib\Caliburn.Micro.3.0.1\lib\net45\System.Windows.Interactivity.dll" in "..\..\..\deploy\exe\System.Windows.Interactivity.dll" kopiert.
_CopyAppConfigFile:
  Die Datei wird von "App.config" in "..\..\..\deploy\exe\SnapshotEditor.bootstrapper.dll.config" kopiert.
CopyFilesToOutputDirectory:
  Die Datei wird von "obj\Release\SnapshotEditor.bootstrapper.dll" in "..\..\..\deploy\exe\SnapshotEditor.bootstrapper.dll" kopiert.
  SnapshotEditor.bootstrapper -> G:\Projects\GitHub\OpenFMSL\deploy\exe\SnapshotEditor.bootstrapper.dll
  Die Datei wird von "obj\Release\SnapshotEditor.bootstrapper.pdb" in "..\..\..\deploy\exe\SnapshotEditor.bootstrapper.pdb" kopiert.
Die Erstellung von Projekt "G:\Projects\GitHub\OpenFMSL\source\SnapshotEditor\SnapshotEditor.bootstrapper\SnapshotEditor.bootstrapper.csproj" ist abgeschlossen (Standardziele).
Die Erstellung von Projekt "G:\Projects\GitHub\OpenFMSL\source\SnapshotEditor\SnapshotEditor.sln" ist abgeschlossen (Build Ziel(e)).

Der Buildvorgang wurde erfolgreich ausgefÅhrt.
    0 Warnung(en)
    0 Fehler

Verstrichene Zeit 00:00:00.21
Die Projekte in dieser Projektmappe werden nacheinander erstellt. Um eine parallele Erstellung zu ermîglichen, mÅssen Sie den Schalter "/m" hinzufÅgen.
Der Buildvorgang wurde am 02.03.2018 18:00:01 gestartet.
Projekt "G:\Projects\GitHub\OpenFMSL\source\ThermodynamicsImporter\ThermodynamicsImporter.sln" auf Knoten "1", Build Ziel(e).
ValidateSolutionConfiguration:
  Die Projektmappenkonfiguration "release|Any CPU" wird erstellt.
Das Projekt "G:\Projects\GitHub\OpenFMSL\source\ThermodynamicsImporter\ThermodynamicsImporter.sln" (1) erstellt "G:\Projects\GitHub\OpenFMSL\source\ThermodynamicsImporter\ThermodynamicsImporter\ThermodynamicsImporter.csproj" (2) auf Knoten "1" (Standardziele).
GenerateTargetFrameworkMonikerAttribute:
Das Ziel "GenerateTargetFrameworkMonikerAttribute" wird Åbersprungen, da alle Ausgabedateien hinsichtlich der Eingabedateien aktuell sind.
CoreCompile:
Das Ziel "CoreCompile" wird Åbersprungen, da alle Ausgabedateien hinsichtlich der Eingabedateien aktuell sind.
CopyFilesToOutputDirectory:
  Die Datei wird von "obj\Release\Modules.ThermodynamicsImporter.dll" in "..\..\..\deploy\exe\Modules.ThermodynamicsImporter.dll" kopiert.
  ThermodynamicsImporter -> G:\Projects\GitHub\OpenFMSL\deploy\exe\Modules.ThermodynamicsImporter.dll
  Die Datei wird von "obj\Release\Modules.ThermodynamicsImporter.pdb" in "..\..\..\deploy\exe\Modules.ThermodynamicsImporter.pdb" kopiert.
Die Erstellung von Projekt "G:\Projects\GitHub\OpenFMSL\source\ThermodynamicsImporter\ThermodynamicsImporter\ThermodynamicsImporter.csproj" ist abgeschlossen (Standardziele).
Das Projekt "G:\Projects\GitHub\OpenFMSL\source\ThermodynamicsImporter\ThermodynamicsImporter.sln" (1) erstellt "G:\Projects\GitHub\OpenFMSL\source\ThermodynamicsImporter\thermodynamicsimporter.bootstrapper\thermodynamicsimporter.bootstrapper.csproj" (3) auf Knoten "1" (Standardziele).
GenerateTargetFrameworkMonikerAttribute:
Das Ziel "GenerateTargetFrameworkMonikerAttribute" wird Åbersprungen, da alle Ausgabedateien hinsichtlich der Eingabedateien aktuell sind.
CoreCompile:
Das Ziel "CoreCompile" wird Åbersprungen, da alle Ausgabedateien hinsichtlich der Eingabedateien aktuell sind.
CopyFilesToOutputDirectory:
  Die Datei wird von "obj\Release\thermodynamicsimporter.bootstrapper.dll" in "..\..\..\deploy\exe\thermodynamicsimporter.bootstrapper.dll" kopiert.
  thermodynamicsimporter.bootstrapper -> G:\Projects\GitHub\OpenFMSL\deploy\exe\thermodynamicsimporter.bootstrapper.dll
  Die Datei wird von "obj\Release\thermodynamicsimporter.bootstrapper.pdb" in "..\..\..\deploy\exe\thermodynamicsimporter.bootstrapper.pdb" kopiert.
Die Erstellung von Projekt "G:\Projects\GitHub\OpenFMSL\source\ThermodynamicsImporter\thermodynamicsimporter.bootstrapper\thermodynamicsimporter.bootstrapper.csproj" ist abgeschlossen (Standardziele).
Die Erstellung von Projekt "G:\Projects\GitHub\OpenFMSL\source\ThermodynamicsImporter\ThermodynamicsImporter.sln" ist abgeschlossen (Build Ziel(e)).

Der Buildvorgang wurde erfolgreich ausgefÅhrt.
    0 Warnung(en)
    0 Fehler

Verstrichene Zeit 00:00:00.17
Die Projekte in dieser Projektmappe werden nacheinander erstellt. Um eine parallele Erstellung zu ermîglichen, mÅssen Sie den Schalter "/m" hinzufÅgen.
Der Buildvorgang wurde am 02.03.2018 18:00:02 gestartet.
Projekt "G:\Projects\GitHub\OpenFMSL\source\ThermodynamicSystemEditor\ThermodynamicSystemEditor.sln" auf Knoten "1", Build Ziel(e).
ValidateSolutionConfiguration:
  Die Projektmappenkonfiguration "release|Any CPU" wird erstellt.
Das Projekt "G:\Projects\GitHub\OpenFMSL\source\ThermodynamicSystemEditor\ThermodynamicSystemEditor.sln" (1) erstellt "G:\Projects\GitHub\OpenFMSL\source\ThermodynamicSystemEditor\ThermodynamicSystemEditor\ThermodynamicSystemEditor.csproj" (2) auf Knoten "1" (Standardziele).
MainResourcesGeneration:
Das Ziel "MainResourcesGeneration" wird Åbersprungen, da alle Ausgabedateien hinsichtlich der Eingabedateien aktuell sind.
CoreResGen:
  Es sind keine Ressourcen vorhanden, die im Hinblick auf die Quelldateien veraltet sind. Die Ressourcengenerierung wird Åbersprungen.
GenerateTargetFrameworkMonikerAttribute:
Das Ziel "GenerateTargetFrameworkMonikerAttribute" wird Åbersprungen, da alle Ausgabedateien hinsichtlich der Eingabedateien aktuell sind.
CoreCompile:
Das Ziel "CoreCompile" wird Åbersprungen, da alle Ausgabedateien hinsichtlich der Eingabedateien aktuell sind.
CopyFilesToOutputDirectory:
  Die Datei wird von "obj\Release\Controls.ThermodynamicSystemEditor.dll" in "..\..\..\deploy\exe\Controls.ThermodynamicSystemEditor.dll" kopiert.
  ThermodynamicSystemEditor -> G:\Projects\GitHub\OpenFMSL\deploy\exe\Controls.ThermodynamicSystemEditor.dll
  Die Datei wird von "obj\Release\Controls.ThermodynamicSystemEditor.pdb" in "..\..\..\deploy\exe\Controls.ThermodynamicSystemEditor.pdb" kopiert.
Die Erstellung von Projekt "G:\Projects\GitHub\OpenFMSL\source\ThermodynamicSystemEditor\ThermodynamicSystemEditor\ThermodynamicSystemEditor.csproj" ist abgeschlossen (Standardziele).
Das Projekt "G:\Projects\GitHub\OpenFMSL\source\ThermodynamicSystemEditor\ThermodynamicSystemEditor.sln" (1) erstellt "G:\Projects\GitHub\OpenFMSL\source\ThermodynamicSystemEditor\thermodynamicsystemeditor.bootstrapper\thermodynamicsystemeditor.bootstrapper.csproj" (3) auf Knoten "1" (Standardziele).
GenerateTargetFrameworkMonikerAttribute:
Das Ziel "GenerateTargetFrameworkMonikerAttribute" wird Åbersprungen, da alle Ausgabedateien hinsichtlich der Eingabedateien aktuell sind.
CoreCompile:
Das Ziel "CoreCompile" wird Åbersprungen, da alle Ausgabedateien hinsichtlich der Eingabedateien aktuell sind.
CopyFilesToOutputDirectory:
  Die Datei wird von "obj\Release\thermodynamicsystemeditor.bootstrapper.dll" in "..\..\..\deploy\exe\thermodynamicsystemeditor.bootstrapper.dll" kopiert.
  thermodynamicsystemeditor.bootstrapper -> G:\Projects\GitHub\OpenFMSL\deploy\exe\thermodynamicsystemeditor.bootstrapper.dll
  Die Datei wird von "obj\Release\thermodynamicsystemeditor.bootstrapper.pdb" in "..\..\..\deploy\exe\thermodynamicsystemeditor.bootstrapper.pdb" kopiert.
Die Erstellung von Projekt "G:\Projects\GitHub\OpenFMSL\source\ThermodynamicSystemEditor\thermodynamicsystemeditor.bootstrapper\thermodynamicsystemeditor.bootstrapper.csproj" ist abgeschlossen (Standardziele).
Die Erstellung von Projekt "G:\Projects\GitHub\OpenFMSL\source\ThermodynamicSystemEditor\ThermodynamicSystemEditor.sln" ist abgeschlossen (Build Ziel(e)).

Der Buildvorgang wurde erfolgreich ausgefÅhrt.
    0 Warnung(en)
    0 Fehler

Verstrichene Zeit 00:00:00.20
Die Projekte in dieser Projektmappe werden nacheinander erstellt. Um eine parallele Erstellung zu ermîglichen, mÅssen Sie den Schalter "/m" hinzufÅgen.
Der Buildvorgang wurde am 02.03.2018 18:00:02 gestartet.
Projekt "G:\Projects\GitHub\OpenFMSL\source.contracts\OpenFMSL.Contracts\OpenFMSL.Contracts.sln" auf Knoten "1", Build Ziel(e).
ValidateSolutionConfiguration:
  Die Projektmappenkonfiguration "release|Any CPU" wird erstellt.
Das Projekt "G:\Projects\GitHub\OpenFMSL\source.contracts\OpenFMSL.Contracts\OpenFMSL.Contracts.sln" (1) erstellt "G:\Projects\GitHub\OpenFMSL\source.contracts\OpenFMSL.Contracts\OpenFMSL.Contracts\OpenFMSL.Contracts.csproj" (2) auf Knoten "1" (Standardziele).
Das Projekt "G:\Projects\GitHub\OpenFMSL\source.contracts\OpenFMSL.Contracts\OpenFMSL.Contracts\OpenFMSL.Contracts.csproj" (2) erstellt "G:\Projects\GitHub\OpenFMSL\source.contracts\OpenFMSL.Contracts\OpenFMSL.Core\OpenFMSL.Core.csproj" (3) auf Knoten "1" (Standardziele).
GenerateTargetFrameworkMonikerAttribute:
Das Ziel "GenerateTargetFrameworkMonikerAttribute" wird Åbersprungen, da alle Ausgabedateien hinsichtlich der Eingabedateien aktuell sind.
CoreCompile:
Das Ziel "CoreCompile" wird Åbersprungen, da alle Ausgabedateien hinsichtlich der Eingabedateien aktuell sind.
CopyFilesToOutputDirectory:
  OpenFMSL.Core -> G:\Projects\GitHub\OpenFMSL\bin.contracts\OpenFMSL.Core.dll
Die Erstellung von Projekt "G:\Projects\GitHub\OpenFMSL\source.contracts\OpenFMSL.Contracts\OpenFMSL.Core\OpenFMSL.Core.csproj" ist abgeschlossen (Standardziele).
GenerateTargetFrameworkMonikerAttribute:
Das Ziel "GenerateTargetFrameworkMonikerAttribute" wird Åbersprungen, da alle Ausgabedateien hinsichtlich der Eingabedateien aktuell sind.
CoreCompile:
Das Ziel "CoreCompile" wird Åbersprungen, da alle Ausgabedateien hinsichtlich der Eingabedateien aktuell sind.
CopyFilesToOutputDirectory:
  OpenFMSL.Contracts -> G:\Projects\GitHub\OpenFMSL\bin.contracts\OpenFMSL.Contracts.dll
Die Erstellung von Projekt "G:\Projects\GitHub\OpenFMSL\source.contracts\OpenFMSL.Contracts\OpenFMSL.Contracts\OpenFMSL.Contracts.csproj" ist abgeschlossen (Standardziele).
Das Projekt "G:\Projects\GitHub\OpenFMSL\source.contracts\OpenFMSL.Contracts\OpenFMSL.Contracts.sln" (1) erstellt "G:\Projects\GitHub\OpenFMSL\source.contracts\OpenFMSL.Contracts\OpenFMSL.Core.Tests\OpenFMSL.Core.Tests.csproj" (4) auf Knoten "1" (Standardziele).
GenerateTargetFrameworkMonikerAttribute:
Das Ziel "GenerateTargetFrameworkMonikerAttribute" wird Åbersprungen, da alle Ausgabedateien hinsichtlich der Eingabedateien aktuell sind.
CoreCompile:
Das Ziel "CoreCompile" wird Åbersprungen, da alle Ausgabedateien hinsichtlich der Eingabedateien aktuell sind.
CopyFilesToOutputDirectory:
  OpenFMSL.Core.Tests -> G:\Projects\GitHub\OpenFMSL\source.contracts\OpenFMSL.Contracts\OpenFMSL.Core.Tests\bin\Release\OpenFMSL.Core.Tests.dll
Die Erstellung von Projekt "G:\Projects\GitHub\OpenFMSL\source.contracts\OpenFMSL.Contracts\OpenFMSL.Core.Tests\OpenFMSL.Core.Tests.csproj" ist abgeschlossen (Standardziele).
Das Projekt "G:\Projects\GitHub\OpenFMSL\source.contracts\OpenFMSL.Contracts\OpenFMSL.Contracts.sln" (1) erstellt "G:\Projects\GitHub\OpenFMSL\source.contracts\OpenFMSL.Contracts\OpenFMSL.Core.SandboxConsole\OpenFMSL.Core.SandboxConsole.csproj" (5) auf Knoten "1" (Standardziele).
GenerateBindingRedirects:
  Keine vorgeschlagenen BindingRedirect-EintrÑge von ResolveAssemblyReferences.
GenerateTargetFrameworkMonikerAttribute:
Das Ziel "GenerateTargetFrameworkMonikerAttribute" wird Åbersprungen, da alle Ausgabedateien hinsichtlich der Eingabedateien aktuell sind.
CoreCompile:
Das Ziel "CoreCompile" wird Åbersprungen, da alle Ausgabedateien hinsichtlich der Eingabedateien aktuell sind.
_CopyAppConfigFile:
Das Ziel "_CopyAppConfigFile" wird Åbersprungen, da alle Ausgabedateien hinsichtlich der Eingabedateien aktuell sind.
CopyFilesToOutputDirectory:
  OpenFMSL.Core.SandboxConsole -> G:\Projects\GitHub\OpenFMSL\source.contracts\OpenFMSL.Contracts\OpenFMSL.Core.SandboxConsole\bin\Release\OpenFMSL.Core.SandboxConsole.exe
Die Erstellung von Projekt "G:\Projects\GitHub\OpenFMSL\source.contracts\OpenFMSL.Contracts\OpenFMSL.Core.SandboxConsole\OpenFMSL.Core.SandboxConsole.csproj" ist abgeschlossen (Standardziele).
Die Erstellung von Projekt "G:\Projects\GitHub\OpenFMSL\source.contracts\OpenFMSL.Contracts\OpenFMSL.Contracts.sln" ist abgeschlossen (Build Ziel(e)).

Der Buildvorgang wurde erfolgreich ausgefÅhrt.
    0 Warnung(en)
    0 Fehler

Verstrichene Zeit 00:00:00.18
